


ARM Macro Assembler    Page 1 


    1 00000000                 AREA             RESET,DATA,READONLY
    2 00000000                 EXPORT           __Vectors
    3 00000000         __Vectors
    4 00000000 10001000        DCD              0x10001000
    5 00000004 00000000        DCD              Reset_Handler
    6 00000008                 ALIGN
    7 00000008                 AREA             mycode,CODE,READONLY
    8 00000000                 ENTRY
    9 00000000                 EXPORT           Reset_Handler
   10 00000000         Reset_Handler
   11 00000000         
   12 00000000 480F            LDR              R0,=SRC
   13 00000002 4910            LDR              R1,=SRC2
   14 00000004 F04F 0404       MOV              R4,#4
   15 00000008 4E0F            LDR              R6,=DST
   16 0000000A         
   17 0000000A 6802    UP      LDR              R2,[R0]
   18 0000000C 680B            LDR              R3,[R1]
   19 0000000E         
   20 0000000E 18D2            ADDS             R2,R3
   21 00000010 6032            STR              R2,[R6]
   22 00000012 3604            ADDS             R6,#4
   23 00000014 3004            ADDS             R0,#4
   24 00000016 3104            ADDS             R1,#4
   25 00000018         
   26 00000018 3C01            SUBS             R4,#1
   27 0000001A D1F6            BNE              UP
   28 0000001C         STOP
   29 0000001C E7FE            B                STOP
   30 0000001E 00 00 00000001 
              00000002 
              00000003 
              00000004 SRC     DCD              1,2,3,4
   31 00000030 00000001 
              00000002 
              00000003 
              00000004 SRC2    DCD              1,2,3,4
   32 00000040 00000000 
              00000000 
              00000000         AREA             mydata,DATA,READWRITE
   33 00000000 00000000 
                       DST     DCD              0
   34 00000004                 END
Command Line: --debug --xref --cpu=Cortex-M3 --apcs=interwork --depend=.\add2-1
28.d -o.\add2-128.o -IC:\Keil\ARM\RV31\INC -IC:\Keil\ARM\CMSIS\Include -IC:\Kei
l\ARM\Inc\NXP\LPC17xx --predefine="__EVAL SETA 1" --list=.\add2-128.lst add2-12
8.s



ARM Macro Assembler    Page 1 Alphabetic symbol ordering
Relocatable symbols

RESET 00000000

Symbol: RESET
   Definitions
      At line 1 in file add2-128.s
   Uses
      None
Comment: RESET unused
__Vectors 00000000

Symbol: __Vectors
   Definitions
      At line 3 in file add2-128.s
   Uses
      At line 2 in file add2-128.s
Comment: __Vectors used once
2 symbols



ARM Macro Assembler    Page 1 Alphabetic symbol ordering
Relocatable symbols

Reset_Handler 00000000

Symbol: Reset_Handler
   Definitions
      At line 10 in file add2-128.s
   Uses
      At line 5 in file add2-128.s
      At line 9 in file add2-128.s

SRC 00000020

Symbol: SRC
   Definitions
      At line 30 in file add2-128.s
   Uses
      At line 12 in file add2-128.s
Comment: SRC used once
SRC2 00000030

Symbol: SRC2
   Definitions
      At line 31 in file add2-128.s
   Uses
      At line 13 in file add2-128.s
Comment: SRC2 used once
STOP 0000001C

Symbol: STOP
   Definitions
      At line 28 in file add2-128.s
   Uses
      At line 29 in file add2-128.s
Comment: STOP used once
UP 0000000A

Symbol: UP
   Definitions
      At line 17 in file add2-128.s
   Uses
      At line 27 in file add2-128.s
Comment: UP used once
mycode 00000000

Symbol: mycode
   Definitions
      At line 7 in file add2-128.s
   Uses
      None
Comment: mycode unused
6 symbols



ARM Macro Assembler    Page 1 Alphabetic symbol ordering
Relocatable symbols

DST 00000000

Symbol: DST
   Definitions
      At line 33 in file add2-128.s
   Uses
      At line 15 in file add2-128.s
Comment: DST used once
mydata 00000000

Symbol: mydata
   Definitions
      At line 32 in file add2-128.s
   Uses
      None
Comment: mydata unused
2 symbols
343 symbols in table
