


ARM Macro Assembler    Page 1 


    1 00000000                 AREA             RESET,DATA,READONLY
    2 00000000                 EXPORT           __Vectors
    3 00000000         __Vectors
    4 00000000 10001000        dcd              0x10001000
    5 00000004 00000000        dcd              Reset_Handler
    6 00000008                 align
    7 00000008                 area             mycode,code,readonly
    8 00000000                 entry
    9 00000000                 export           Reset_Handler
   10 00000000         Reset_Handler
   11 00000000 4810            ldr              r0,=src     ;
   12 00000002 4F11            ldr              r7,=des
   13 00000004 F04F 040A       mov              r4,#10
   14 00000008         loop
   15 00000008 6801            ldr              r1,[r0]
   16 0000000A 440A            add              r2,r2,r1
   17 0000000C F100 0004       add              r0,#4
   18 00000010 F1A4 0401       sub              r4,#1
   19 00000014 2C00            cmp              r4,#0
   20 00000016 D1F7            bne              loop
   21 00000018 603A            str              r2,[r7]
   22 0000001A E7FE    here    b                here
   23 0000001C 00000001 
              00000002 
              00000003 
              00000004 
              00000005 
              00000006 
              00000007 
              00000008 
              00000009 
              00000000 src     dcd              1,2,3,4,5,6,7,8,9,0
   24 00000044 00000000 
              00000000         area             mydata,data,readwrite
   25 00000000 00000000 
                       des     dcd              0
   26 00000004                 end
Command Line: --debug --xref --cpu=Cortex-M3 --apcs=interwork --depend=.\addand
store.d -o.\addandstore.o -IC:\Keil\ARM\RV31\INC -IC:\Keil\ARM\CMSIS\Include -I
C:\Keil\ARM\Inc\NXP\LPC17xx --predefine="__EVAL SETA 1" --list=.\addandstore.ls
t addandstore.s



ARM Macro Assembler    Page 1 Alphabetic symbol ordering
Relocatable symbols

RESET 00000000

Symbol: RESET
   Definitions
      At line 1 in file addandstore.s
   Uses
      None
Comment: RESET unused
__Vectors 00000000

Symbol: __Vectors
   Definitions
      At line 3 in file addandstore.s
   Uses
      At line 2 in file addandstore.s
Comment: __Vectors used once
2 symbols



ARM Macro Assembler    Page 1 Alphabetic symbol ordering
Relocatable symbols

Reset_Handler 00000000

Symbol: Reset_Handler
   Definitions
      At line 10 in file addandstore.s
   Uses
      At line 5 in file addandstore.s
      At line 9 in file addandstore.s

here 0000001A

Symbol: here
   Definitions
      At line 22 in file addandstore.s
   Uses
      At line 22 in file addandstore.s
Comment: here used once
loop 00000008

Symbol: loop
   Definitions
      At line 14 in file addandstore.s
   Uses
      At line 20 in file addandstore.s
Comment: loop used once
mycode 00000000

Symbol: mycode
   Definitions
      At line 7 in file addandstore.s
   Uses
      None
Comment: mycode unused
src 0000001C

Symbol: src
   Definitions
      At line 23 in file addandstore.s
   Uses
      At line 11 in file addandstore.s
Comment: src used once
5 symbols



ARM Macro Assembler    Page 1 Alphabetic symbol ordering
Relocatable symbols

des 00000000

Symbol: des
   Definitions
      At line 25 in file addandstore.s
   Uses
      At line 12 in file addandstore.s
Comment: des used once
mydata 00000000

Symbol: mydata
   Definitions
      At line 24 in file addandstore.s
   Uses
      None
Comment: mydata unused
2 symbols
342 symbols in table
