


ARM Macro Assembler    Page 1 


    1 00000000                 AREA             RESET , DATA, READONLY
    2 00000000                 EXPORT           __Vectors
    3 00000000         __Vectors
    4 00000000 10000000        DCD              0X10000000
    5 00000004 00000000        DCD              Reset_Handler
    6 00000008                 AREA             MYCODE, CODE, READONLY
    7 00000000                 ENTRY
    8 00000000                 EXPORT           Reset_Handler
    9 00000000         Reset_Handler
   10 00000000 480C            ldr              r0,=num     ;
   11 00000002 4B0D            ldr              r3,=result
   12 00000004 7801            ldrb             r1,[r0]
   13 00000006 F001 020F       and              r2,r1,#0X0F
   14 0000000A 2909            cmp              r1,#9
   15 0000000C D901            bls              down
   16 0000000E F101 0107       add              r1,#7
   17 00000012         down
   18 00000012 F102 0230       add              r2,#0x30
   19 00000016 701A            strb             r2,[r3]
   20 00000018 F001 04F0       and              r4,r1,#0xf0
   21 0000001C EA4F 1414       mov              r4,r4,lsr #4
   22 00000020 2C09            cmp              r4,#9
   23 00000022 DD01            ble              down1
   24 00000024 F103 0307       add              r3,#7
   25 00000028         down1
   26 00000028 F104 0430       add              r4,#0x30
   27 0000002C 705C            strb             r4,[r3,#1]
   28 0000002E 00 00 00000055 
                       num     dcd              0x000000055
   29 00000034 00000000 
              00000000         area             mydata,data,readwrite
   30 00000000 00000000 
                       result  dcd              0
   31 00000004                 end
Command Line: --debug --xref --cpu=Cortex-M3 --apcs=interwork --depend=.\hexato
unpackasscii.d -o.\hexatounpackasscii.o -IC:\Keil\ARM\RV31\INC -IC:\Keil\ARM\CM
SIS\Include -IC:\Keil\ARM\Inc\NXP\LPC17xx --predefine="__EVAL SETA 1" --list=.\
hexatounpackasscii.lst hexatounpackasscii.s



ARM Macro Assembler    Page 1 Alphabetic symbol ordering
Relocatable symbols

RESET 00000000

Symbol: RESET
   Definitions
      At line 1 in file hexatounpackasscii.s
   Uses
      None
Comment: RESET unused
__Vectors 00000000

Symbol: __Vectors
   Definitions
      At line 3 in file hexatounpackasscii.s
   Uses
      At line 2 in file hexatounpackasscii.s
Comment: __Vectors used once
2 symbols



ARM Macro Assembler    Page 1 Alphabetic symbol ordering
Relocatable symbols

MYCODE 00000000

Symbol: MYCODE
   Definitions
      At line 6 in file hexatounpackasscii.s
   Uses
      None
Comment: MYCODE unused
Reset_Handler 00000000

Symbol: Reset_Handler
   Definitions
      At line 9 in file hexatounpackasscii.s
   Uses
      At line 5 in file hexatounpackasscii.s
      At line 8 in file hexatounpackasscii.s

down 00000012

Symbol: down
   Definitions
      At line 17 in file hexatounpackasscii.s
   Uses
      At line 15 in file hexatounpackasscii.s
Comment: down used once
down1 00000028

Symbol: down1
   Definitions
      At line 25 in file hexatounpackasscii.s
   Uses
      At line 23 in file hexatounpackasscii.s
Comment: down1 used once
num 00000030

Symbol: num
   Definitions
      At line 28 in file hexatounpackasscii.s
   Uses
      At line 10 in file hexatounpackasscii.s
Comment: num used once
5 symbols



ARM Macro Assembler    Page 1 Alphabetic symbol ordering
Relocatable symbols

mydata 00000000

Symbol: mydata
   Definitions
      At line 29 in file hexatounpackasscii.s
   Uses
      None
Comment: mydata unused
result 00000000

Symbol: result
   Definitions
      At line 30 in file hexatounpackasscii.s
   Uses
      At line 11 in file hexatounpackasscii.s
Comment: result used once
2 symbols
342 symbols in table
