


ARM Macro Assembler    Page 1 


    1 00000000                 AREA             RESET , DATA, READONLY
    2 00000000                 EXPORT           __Vectors
    3 00000000         __Vectors
    4 00000000 10000000        DCD              0X10000000
    5 00000004 00000000        DCD              Reset_Handler
    6 00000008                 AREA             MYCODE, CODE, READONLY
    7 00000000                 ENTRY
    8 00000000                 EXPORT           Reset_Handler
    9 00000000         Reset_Handler
   10 00000000 4806            LDR              R0,=N1
   11 00000002 4907            LDR              R1,=N2
   12 00000004 4C07            LDR              R4,=DST
   13 00000006 6805            ldr              r5,[r0]
   14 00000008 680E            ldr              r6,[r1]
   15 0000000A FB05 F706       mul              r7,r5,r6
   16 0000000E 6027            str              r7,[r4]
   17 00000010         
   18 00000010         STOP
   19 00000010 E7FE            B                STOP
   20 00000012 00 00 00000003 
                       N2      DCD              3
   21 00000018 00000002 
                       N1      DCD              2
   22 0000001C 00000000 
              00000000 
              00000000         AREA             MYDATA, DATA, READWRITE
   23 00000000 00000000 
                       DST     DCD              0
   24 00000004                 END
Command Line: --debug --xref --cpu=Cortex-M3 --apcs=interwork --depend=.\multip
ly.d -o.\multiply.o -IC:\Keil\ARM\RV31\INC -IC:\Keil\ARM\CMSIS\Include -IC:\Kei
l\ARM\Inc\NXP\LPC17xx --predefine="__EVAL SETA 1" --list=.\multiply.lst multipl
y.s



ARM Macro Assembler    Page 1 Alphabetic symbol ordering
Relocatable symbols

RESET 00000000

Symbol: RESET
   Definitions
      At line 1 in file multiply.s
   Uses
      None
Comment: RESET unused
__Vectors 00000000

Symbol: __Vectors
   Definitions
      At line 3 in file multiply.s
   Uses
      At line 2 in file multiply.s
Comment: __Vectors used once
2 symbols



ARM Macro Assembler    Page 1 Alphabetic symbol ordering
Relocatable symbols

MYCODE 00000000

Symbol: MYCODE
   Definitions
      At line 6 in file multiply.s
   Uses
      None
Comment: MYCODE unused
N1 00000018

Symbol: N1
   Definitions
      At line 21 in file multiply.s
   Uses
      At line 10 in file multiply.s
Comment: N1 used once
N2 00000014

Symbol: N2
   Definitions
      At line 20 in file multiply.s
   Uses
      At line 11 in file multiply.s
Comment: N2 used once
Reset_Handler 00000000

Symbol: Reset_Handler
   Definitions
      At line 9 in file multiply.s
   Uses
      At line 5 in file multiply.s
      At line 8 in file multiply.s

STOP 00000010

Symbol: STOP
   Definitions
      At line 18 in file multiply.s
   Uses
      At line 19 in file multiply.s
Comment: STOP used once
5 symbols



ARM Macro Assembler    Page 1 Alphabetic symbol ordering
Relocatable symbols

DST 00000000

Symbol: DST
   Definitions
      At line 23 in file multiply.s
   Uses
      At line 12 in file multiply.s
Comment: DST used once
MYDATA 00000000

Symbol: MYDATA
   Definitions
      At line 22 in file multiply.s
   Uses
      None
Comment: MYDATA unused
2 symbols
342 symbols in table
