


ARM Macro Assembler    Page 1 


    1 00000000                 AREA             RESET,DATA,READONLY
    2 00000000                 EXPORT           __Vectors
    3 00000000         __Vectors
    4 00000000 10001000        DCD              0X10001000
    5 00000004 00000000        DCD              Reset_Handler
    6 00000008                 align
    7 00000008                 area             mycode,code,readonly
    8 00000000                 entry
    9 00000000                 export           Reset_Handler
   10 00000000         Reset_Handler
   11 00000000 4808            ldr              r0,=src
   12 00000002 F100 0324       add              r3,r0,#36
   13 00000006         
   14 00000006 F04F 0405       mov              r4,#5
   15 0000000A         loop
   16 0000000A         
   17 0000000A 681E            ldr              r6,[r3]
   18 0000000C 6807            ldr              r7,[r0]
   19 0000000E         
   20 0000000E 6006            str              r6,[r0]
   21 00000010 601F            str              r7,[r3]
   22 00000012 F100 0004       add              r0,#4
   23 00000016 F1A3 0304       sub              r3,#4
   24 0000001A F1A4 0401       sub              r4,#1
   25 0000001E 2C00            cmp              r4,#0
   26 00000020 D1F3            bne              loop
   27 00000022         
   28 00000022         
   29 00000022         stop
   30 00000022 E7FE            b                stop
   31 00000024         
   32 00000024 00000000        AREA             mydata,DATA,READWRITE
   33 00000000 00000001 
              00000002 
              00000003 
              00000004 
              00000005 
              00000006 
              00000007 
              00000008 
              00000009 
              00000000 src     dcd              1,2,3,4,5,6,7,8,9,0
   34 00000028         
   35 00000028                 end
Command Line: --debug --xref --cpu=Cortex-M3 --apcs=interwork --depend=.\revers
e.d -o.\reverse.o -IC:\Keil\ARM\RV31\INC -IC:\Keil\ARM\CMSIS\Include -IC:\Keil\
ARM\Inc\NXP\LPC17xx --predefine="__EVAL SETA 1" --list=.\reverse.lst reverse.s



ARM Macro Assembler    Page 1 Alphabetic symbol ordering
Relocatable symbols

RESET 00000000

Symbol: RESET
   Definitions
      At line 1 in file reverse.s
   Uses
      None
Comment: RESET unused
__Vectors 00000000

Symbol: __Vectors
   Definitions
      At line 3 in file reverse.s
   Uses
      At line 2 in file reverse.s
Comment: __Vectors used once
2 symbols



ARM Macro Assembler    Page 1 Alphabetic symbol ordering
Relocatable symbols

Reset_Handler 00000000

Symbol: Reset_Handler
   Definitions
      At line 10 in file reverse.s
   Uses
      At line 5 in file reverse.s
      At line 9 in file reverse.s

loop 0000000A

Symbol: loop
   Definitions
      At line 15 in file reverse.s
   Uses
      At line 26 in file reverse.s
Comment: loop used once
mycode 00000000

Symbol: mycode
   Definitions
      At line 7 in file reverse.s
   Uses
      None
Comment: mycode unused
stop 00000022

Symbol: stop
   Definitions
      At line 29 in file reverse.s
   Uses
      At line 30 in file reverse.s
Comment: stop used once
4 symbols



ARM Macro Assembler    Page 1 Alphabetic symbol ordering
Relocatable symbols

mydata 00000000

Symbol: mydata
   Definitions
      At line 32 in file reverse.s
   Uses
      None
Comment: mydata unused
src 00000000

Symbol: src
   Definitions
      At line 33 in file reverse.s
   Uses
      At line 11 in file reverse.s
Comment: src used once
2 symbols
341 symbols in table
