


ARM Macro Assembler    Page 1 


    1 00000000                 AREA             RESET,DATA,READONLY
    2 00000000                 EXPORT           __Vectors
    3 00000000         __Vectors
    4 00000000 40001000        DCD              0x40001000
    5 00000004 00000000        DCD              Reset_Handler
    6 00000008                 AREA             Mycode,CODE,READONLY
    7 00000000                 ENTRY
    8 00000000                 EXPORT           Reset_Handler
    9 00000000         Reset_Handler
   10 00000000 F04F 000A       MOV              R0,#10
   11 00000004 F04F 0108       MOV              R1,#8
   12 00000008 F04F 0202       MOV              R2,#2
   13 0000000C F04F 0304       MOV              R3,#4
   14 00000010 F04F 0407       MOV              R4,#7
   15 00000014 F04F 0501       MOV              R5,#1
   16 00000018 F04F 0609       MOV              R6,#9
   17 0000001C F04F 0703       MOV              R7,#3
   18 00000020 F04F 0805       MOV              R8,#5
   19 00000024 F04F 0906       MOV              R9,#6
   20 00000028 E92D 03FF       STMDB            R13!,{R0-R9}
   21 0000002C 4668            MOV              R0,R13
   22 0000002E         L2
   23 0000002E 4601            MOV              R1,R0
   24 00000030 4603            MOV              R3,R0
   25 00000032 F103 0304       ADD              R3,#4
   26 00000036 F10A 0B01       ADD              R11,R10,#1
   27 0000003A         L1
   28 0000003A 681C            LDM              R3,{R4}
   29 0000003C 680F            LDM              R1,{R7}
   30 0000003E 42BC            CMP              R4,R7
   31 00000040 D200            BCS              UP
   32 00000042 4619            MOV              R1,R3
   33 00000044         UP
   34 00000044 F103 0304       ADD              R3,#4
   35 00000048 F10B 0B01       ADD              R11,#1
   36 0000004C F1BB 0F0A       CMP              R11,#10
   37 00000050 D1F3            BNE              L1
   38 00000052 C804            LDM              R0!,{R2}
   39 00000054 C940            LDM              R1!,{R6}
   40 00000056 F841 2C04       STMDB            R1,{R2}
   41 0000005A F840 6C04       STMDB            R0,{R6}
   42 0000005E F10A 0A01       ADD              R10,#1
   43 00000062 F1BA 0F09       CMP              R10,#9
   44 00000066 D1E2            BNE              L2
   45 00000068 E8BD 03FF       LDM              R13!,{R0-R9}
   46 0000006C         STOP
   47 0000006C E7FE            B                STOP
   48 0000006E                 END
Command Line: --debug --xref --cpu=Cortex-M3 --apcs=interwork --depend=.\stack.
d -o.\stack.o -IC:\Keil\ARM\RV31\INC -IC:\Keil\ARM\CMSIS\Include -IC:\Keil\ARM\
Inc\NXP\LPC17xx --predefine="__EVAL SETA 1" --list=.\stack.lst stack.s



ARM Macro Assembler    Page 1 Alphabetic symbol ordering
Relocatable symbols

RESET 00000000

Symbol: RESET
   Definitions
      At line 1 in file stack.s
   Uses
      None
Comment: RESET unused
__Vectors 00000000

Symbol: __Vectors
   Definitions
      At line 3 in file stack.s
   Uses
      At line 2 in file stack.s
Comment: __Vectors used once
2 symbols



ARM Macro Assembler    Page 1 Alphabetic symbol ordering
Relocatable symbols

L1 0000003A

Symbol: L1
   Definitions
      At line 27 in file stack.s
   Uses
      At line 37 in file stack.s
Comment: L1 used once
L2 0000002E

Symbol: L2
   Definitions
      At line 22 in file stack.s
   Uses
      At line 44 in file stack.s
Comment: L2 used once
Mycode 00000000

Symbol: Mycode
   Definitions
      At line 6 in file stack.s
   Uses
      None
Comment: Mycode unused
Reset_Handler 00000000

Symbol: Reset_Handler
   Definitions
      At line 9 in file stack.s
   Uses
      At line 5 in file stack.s
      At line 8 in file stack.s

STOP 0000006C

Symbol: STOP
   Definitions
      At line 46 in file stack.s
   Uses
      At line 47 in file stack.s
Comment: STOP used once
UP 00000044

Symbol: UP
   Definitions
      At line 33 in file stack.s
   Uses
      At line 31 in file stack.s
Comment: UP used once
6 symbols
339 symbols in table
