


ARM Macro Assembler    Page 1 


    1 00000000                 AREA             RESET,DATA,READONLY
    2 00000000                 EXPORT           __Vectors
    3 00000000         __Vectors
    4 00000000 10001000        DCD              0x10001000
    5 00000004 00000000        DCD              Reset_Handler
    6 00000008                 ALIGN
    7 00000008                 AREA             mycode,CODE,READONLY
    8 00000000                 ENTRY
    9 00000000                 EXPORT           Reset_Handler
   10 00000000         Reset_Handler
   11 00000000         ;THIS IS A PROGRAM TO ADD TWO 128 BIT NOS\\;
   12 00000000 4805            LDR              R0,=SRC
   13 00000002 4906            LDR              R1,=SRC2
   14 00000004         
   15 00000004 4E06            LDR              R6,=DST
   16 00000006 6802            LDR              R2,[R0]
   17 00000008 680B            LDR              R3,[R1]
   18 0000000A 1AD4            subs             R4,R2,R3
   19 0000000C 6034            STR              R4,[R6]
   20 0000000E         
   21 0000000E         STOP
   22 0000000E E7FE            B                STOP
   23 00000010 00000022 
                       SRC     DCD              34
   24 00000014 0000001E 
                       SRC2    DCD              30
   25 00000018 00000000 
              00000000 
              00000000         AREA             mydata,DATA,READWRITE
   26 00000000 00000000 
                       DST     DCD              0
   27 00000004                 END
Command Line: --debug --xref --cpu=Cortex-M3 --apcs=interwork --depend=.\subtra
ct.d -o.\subtract.o -IC:\Keil\ARM\RV31\INC -IC:\Keil\ARM\CMSIS\Include -IC:\Kei
l\ARM\Inc\NXP\LPC17xx --predefine="__EVAL SETA 1" --list=.\subtract.lst subtrac
t.s



ARM Macro Assembler    Page 1 Alphabetic symbol ordering
Relocatable symbols

RESET 00000000

Symbol: RESET
   Definitions
      At line 1 in file subtract.s
   Uses
      None
Comment: RESET unused
__Vectors 00000000

Symbol: __Vectors
   Definitions
      At line 3 in file subtract.s
   Uses
      At line 2 in file subtract.s
Comment: __Vectors used once
2 symbols



ARM Macro Assembler    Page 1 Alphabetic symbol ordering
Relocatable symbols

Reset_Handler 00000000

Symbol: Reset_Handler
   Definitions
      At line 10 in file subtract.s
   Uses
      At line 5 in file subtract.s
      At line 9 in file subtract.s

SRC 00000010

Symbol: SRC
   Definitions
      At line 23 in file subtract.s
   Uses
      At line 12 in file subtract.s
Comment: SRC used once
SRC2 00000014

Symbol: SRC2
   Definitions
      At line 24 in file subtract.s
   Uses
      At line 13 in file subtract.s
Comment: SRC2 used once
STOP 0000000E

Symbol: STOP
   Definitions
      At line 21 in file subtract.s
   Uses
      At line 22 in file subtract.s
Comment: STOP used once
mycode 00000000

Symbol: mycode
   Definitions
      At line 7 in file subtract.s
   Uses
      None
Comment: mycode unused
5 symbols



ARM Macro Assembler    Page 1 Alphabetic symbol ordering
Relocatable symbols

DST 00000000

Symbol: DST
   Definitions
      At line 26 in file subtract.s
   Uses
      At line 15 in file subtract.s
Comment: DST used once
mydata 00000000

Symbol: mydata
   Definitions
      At line 25 in file subtract.s
   Uses
      None
Comment: mydata unused
2 symbols
342 symbols in table
