


ARM Macro Assembler    Page 1 


    1 00000000                 AREA             RESET,DATA,READONLY
    2 00000000                 EXPORT           __Vectors
    3 00000000         __Vectors
    4 00000000 10001000        DCD              0X10001000
    5 00000004 00000000        DCD              Reset_Handler
    6 00000008                 ALIGN
    7 00000008                 AREA             mycode,CODE,READONLY
    8 00000000                 ENTRY
    9 00000000                 EXPORT           Reset_Handler
   10 00000000         Reset_Handler
   11 00000000 4806            LDR              R0,=NUM1
   12 00000002 4907            LDR              R1,=NUM2
   13 00000004 4B07            LDR              R3,=RESULT
   14 00000006 6804            LDR              R4,[R0]
   15 00000008 680D            LDR              R5,[R1]
   16 0000000A EB04 0605       ADD              R6,R4,R5
   17 0000000E 601E            STR              R6,[R3]
   18 00000010         
   19 00000010         
   20 00000010         
   21 00000010         STOP
   22 00000010 E7FE            B                STOP
   23 00000012 00 00 FFFFFFFF 
                       NUM1    DCD              0XFFFFFFFF
   24 00000018 FFFFFFFF 
                       NUM2    DCD              0XFFFFFFFF
   25 0000001C 00000000 
              00000000 
              00000000         AREA             mydata,DATA,READWRITE
   26 00000000 00000000 
                       RESULT  DCD              0
   27 00000004                 END
Command Line: --debug --xref --cpu=Cortex-M3 --apcs=interwork --depend=.\add2-3
2bit.d -o.\add2-32bit.o -IC:\Keil\ARM\RV31\INC -IC:\Keil\ARM\CMSIS\Include -IC:
\Keil\ARM\Inc\NXP\LPC17xx --predefine="__EVAL SETA 1" --list=.\add2-32bit.lst a
dd2-32bit.s



ARM Macro Assembler    Page 1 Alphabetic symbol ordering
Relocatable symbols

RESET 00000000

Symbol: RESET
   Definitions
      At line 1 in file add2-32bit.s
   Uses
      None
Comment: RESET unused
__Vectors 00000000

Symbol: __Vectors
   Definitions
      At line 3 in file add2-32bit.s
   Uses
      At line 2 in file add2-32bit.s
Comment: __Vectors used once
2 symbols



ARM Macro Assembler    Page 1 Alphabetic symbol ordering
Relocatable symbols

NUM1 00000014

Symbol: NUM1
   Definitions
      At line 23 in file add2-32bit.s
   Uses
      At line 11 in file add2-32bit.s
Comment: NUM1 used once
NUM2 00000018

Symbol: NUM2
   Definitions
      At line 24 in file add2-32bit.s
   Uses
      At line 12 in file add2-32bit.s
Comment: NUM2 used once
Reset_Handler 00000000

Symbol: Reset_Handler
   Definitions
      At line 10 in file add2-32bit.s
   Uses
      At line 5 in file add2-32bit.s
      At line 9 in file add2-32bit.s

STOP 00000010

Symbol: STOP
   Definitions
      At line 21 in file add2-32bit.s
   Uses
      At line 22 in file add2-32bit.s
Comment: STOP used once
mycode 00000000

Symbol: mycode
   Definitions
      At line 7 in file add2-32bit.s
   Uses
      None
Comment: mycode unused
5 symbols



ARM Macro Assembler    Page 1 Alphabetic symbol ordering
Relocatable symbols

RESULT 00000000

Symbol: RESULT
   Definitions
      At line 26 in file add2-32bit.s
   Uses
      At line 13 in file add2-32bit.s
Comment: RESULT used once
mydata 00000000

Symbol: mydata
   Definitions
      At line 25 in file add2-32bit.s
   Uses
      None
Comment: mydata unused
2 symbols
342 symbols in table
