


ARM Macro Assembler    Page 1 


    1 00000000                 AREA             RESET,DATA,READONLY
    2 00000000                 EXPORT           __Vectors
    3 00000000         __Vectors
    4 00000000 10001000        DCD              0X10001000
    5 00000004 00000000        DCD              Reset_Handler
    6 00000008                 ALIGN
    7 00000008                 AREA             mycode,CODE,READONLY
    8 00000000                 ENTRY
    9 00000000                 EXPORT           Reset_Handler
   10 00000000         Reset_Handler
   11 00000000 480C            LDR              R0,=SRC
   12 00000002 490D            LDR              R1,=DES
   13 00000004 6802            LDR              R2,[R0]
   14 00000006 F04F 030A       MOV              R3,#10
   15 0000000A F04F 040F       MOV              R4,#0XF
   16 0000000E F04F 0600       MOV              R6,#0
   17 00000012 F04F 0901       MOV              R9,#1
   18 00000016         LOOP
   19 00000016 EA02 0504       AND              R5,R2,R4
   20 0000001A FB05 6609       MLA              R6,R5,R9,R6
   21 0000001E FB09 F903       MUL              R9,R3
   22 00000022 EA4F 1212       LSR              R2,#4
   23 00000026 2A00            CMP              R2,#0
   24 00000028 D1F5            BNE              LOOP
   25 0000002A 600E            STR              R6,[R1]
   26 0000002C E7FE    STOP    B                STOP
   27 0000002E 00 00 12345678 
                       SRC     DCD              0X12345678
   28 00000034         
   29 00000034 00000000 
              00000000         AREA             mydata,DATA,READWRITE
   30 00000000 00000000 
                       DES     DCD              0
   31 00000004                 END
Command Line: --debug --xref --cpu=Cortex-M3 --apcs=interwork --depend=.\bcdtoh
exa.d -o.\bcdtohexa.o -IC:\Keil\ARM\RV31\INC -IC:\Keil\ARM\CMSIS\Include -IC:\K
eil\ARM\Inc\NXP\LPC17xx --predefine="__EVAL SETA 1" --list=.\bcdtohexa.lst bcdt
ohexa.s



ARM Macro Assembler    Page 1 Alphabetic symbol ordering
Relocatable symbols

RESET 00000000

Symbol: RESET
   Definitions
      At line 1 in file bcdtohexa.s
   Uses
      None
Comment: RESET unused
__Vectors 00000000

Symbol: __Vectors
   Definitions
      At line 3 in file bcdtohexa.s
   Uses
      At line 2 in file bcdtohexa.s
Comment: __Vectors used once
2 symbols



ARM Macro Assembler    Page 1 Alphabetic symbol ordering
Relocatable symbols

LOOP 00000016

Symbol: LOOP
   Definitions
      At line 18 in file bcdtohexa.s
   Uses
      At line 24 in file bcdtohexa.s
Comment: LOOP used once
Reset_Handler 00000000

Symbol: Reset_Handler
   Definitions
      At line 10 in file bcdtohexa.s
   Uses
      At line 5 in file bcdtohexa.s
      At line 9 in file bcdtohexa.s

SRC 00000030

Symbol: SRC
   Definitions
      At line 27 in file bcdtohexa.s
   Uses
      At line 11 in file bcdtohexa.s
Comment: SRC used once
STOP 0000002C

Symbol: STOP
   Definitions
      At line 26 in file bcdtohexa.s
   Uses
      At line 26 in file bcdtohexa.s
Comment: STOP used once
mycode 00000000

Symbol: mycode
   Definitions
      At line 7 in file bcdtohexa.s
   Uses
      None
Comment: mycode unused
5 symbols



ARM Macro Assembler    Page 1 Alphabetic symbol ordering
Relocatable symbols

DES 00000000

Symbol: DES
   Definitions
      At line 30 in file bcdtohexa.s
   Uses
      At line 12 in file bcdtohexa.s
Comment: DES used once
mydata 00000000

Symbol: mydata
   Definitions
      At line 29 in file bcdtohexa.s
   Uses
      None
Comment: mydata unused
2 symbols
342 symbols in table
