


ARM Macro Assembler    Page 1 


    1 00000000                 AREA             RESET,DATA,READONLY
    2 00000000                 EXPORT           __Vectors
    3 00000000         __Vectors
    4 00000000 10001000        DCD              0X10001000
    5 00000004 00000000        DCD              Reset_Handler
    6 00000008                 ALIGN
    7 00000008                 AREA             mycode,CODE,READONLY
    8 00000000                 ENTRY
    9 00000000                 EXPORT           Reset_Handler
   10 00000000         Reset_Handler
   11 00000000 481C            LDR              R0,=NUM     ;
   12 00000002 F04F 0204       MOV              R2,#4       ;N
   13 00000006 F04F 0301       MOV              R3,#1       ;I
   14 0000000A F8DF 9068       LDR              R9,=NUM
   15 0000000E         LOOP
   16 0000000E 4293            CMP              R3,R2
   17 00000010 D023            BEQ              L1
   18 00000012 EBA2 0503       SUB              R5,R2,R3
   19 00000016 46C8            MOV              R8,R9
   20 00000018 46CA            MOV              R10,R9
   21 0000001A F04F 0601       MOV              R6,#1
   22 0000001E         LOOP2
   23 0000001E 42AE            CMP              R6,R5
   24 00000020 BF08 3301       ADDEQ            R3,#1
   25 00000024 D8F3            BHI              LOOP
   26 00000026 F8D8 4000       LDR              R4,[R8]
   27 0000002A F108 0804       ADD              R8,#4
   28 0000002E F8D8 7000       LDR              R7,[R8]
   29 00000032 42BC            CMP              R4,R7
   30 00000034 DC03            BGT              SWAP
   31 00000036 F106 0601       ADD              R6,#1
   32 0000003A 42AE            CMP              R6,R5
   33 0000003C         
   34 0000003C E7EF            B                LOOP2
   35 0000003E         SWAP
   36 0000003E 46A4            MOV              R12,R4
   37 00000040 463C            MOV              R4,R7
   38 00000042 4667            MOV              R7,R12
   39 00000044 F1A8 0804       SUB              R8,#4
   40 00000048 F8C8 4000       STR              R4,[R8]
   41 0000004C F108 0804       ADD              R8,#4
   42 00000050 F8C8 7000       STR              R7,[R8]
   43 00000054 F108 0804       ADD              R8,#4
   44 00000058 E7E1            B                LOOP2
   45 0000005A         
   46 0000005A E7FE    L1      B                L1
   47 0000005C         STOP
   48 0000005C E7FE            B                STOP
   49 0000005E 00 00 00000002 
              00000003 
              00000012 
              00000008 
              00000009 NUM     DCD              0x2,0x3,0x12,0x8,0x9
   50 00000074 00000000 
              00000000         AREA             mydata,DATA,READWRITE
   51 00000000 00000000 
                       RESULT  DCD              0
   52 00000004                 END
Command Line: --debug --xref --cpu=Cortex-M3 --apcs=interwork --depend=.\bubble



ARM Macro Assembler    Page 2 


.d -o.\bubble.o -IC:\Keil\ARM\RV31\INC -IC:\Keil\ARM\CMSIS\Include -IC:\Keil\AR
M\Inc\NXP\LPC17xx --predefine="__EVAL SETA 1" --list=.\bubble.lst bubble.s



ARM Macro Assembler    Page 1 Alphabetic symbol ordering
Relocatable symbols

RESET 00000000

Symbol: RESET
   Definitions
      At line 1 in file bubble.s
   Uses
      None
Comment: RESET unused
__Vectors 00000000

Symbol: __Vectors
   Definitions
      At line 3 in file bubble.s
   Uses
      At line 2 in file bubble.s
Comment: __Vectors used once
2 symbols



ARM Macro Assembler    Page 1 Alphabetic symbol ordering
Relocatable symbols

L1 0000005A

Symbol: L1
   Definitions
      At line 46 in file bubble.s
   Uses
      At line 17 in file bubble.s
      At line 46 in file bubble.s

LOOP 0000000E

Symbol: LOOP
   Definitions
      At line 15 in file bubble.s
   Uses
      At line 25 in file bubble.s
Comment: LOOP used once
LOOP2 0000001E

Symbol: LOOP2
   Definitions
      At line 22 in file bubble.s
   Uses
      At line 34 in file bubble.s
      At line 44 in file bubble.s

NUM 00000060

Symbol: NUM
   Definitions
      At line 49 in file bubble.s
   Uses
      At line 11 in file bubble.s
      At line 14 in file bubble.s

Reset_Handler 00000000

Symbol: Reset_Handler
   Definitions
      At line 10 in file bubble.s
   Uses
      At line 5 in file bubble.s
      At line 9 in file bubble.s

STOP 0000005C

Symbol: STOP
   Definitions
      At line 47 in file bubble.s
   Uses
      At line 48 in file bubble.s
Comment: STOP used once
SWAP 0000003E

Symbol: SWAP
   Definitions
      At line 35 in file bubble.s
   Uses
      At line 30 in file bubble.s



ARM Macro Assembler    Page 2 Alphabetic symbol ordering
Relocatable symbols

Comment: SWAP used once
mycode 00000000

Symbol: mycode
   Definitions
      At line 7 in file bubble.s
   Uses
      None
Comment: mycode unused
8 symbols



ARM Macro Assembler    Page 1 Alphabetic symbol ordering
Relocatable symbols

RESULT 00000000

Symbol: RESULT
   Definitions
      At line 51 in file bubble.s
   Uses
      None
Comment: RESULT unused
mydata 00000000

Symbol: mydata
   Definitions
      At line 50 in file bubble.s
   Uses
      None
Comment: mydata unused
2 symbols
345 symbols in table
