


ARM Macro Assembler    Page 1 


    1 00000000                 AREA             RESET,DATA,READONLY
    2 00000000                 EXPORT           __Vectors
    3 00000000         __Vectors
    4 00000000 10001000        DCD              0X10001000
    5 00000004 00000000        DCD              Reset_Handler
    6 00000008                 ALIGN
    7 00000008                 AREA             mycode,CODE,READONLY
    8 00000000                 ENTRY
    9 00000000                 EXPORT           Reset_Handler
   10 00000000         Reset_Handler
   11 00000000 480B            LDR              R0,=NUM
   12 00000002 6801            LDR              R1,[R0]
   13 00000004 F8DF 902C       LDR              R9,=RESULT
   14 00000008 F04F 0200       MOV              R2,#0
   15 0000000C         LOOP
   16 0000000C EA4F 2808       LSL              R8,#8
   17 00000010 F04F 02FF       MOV              R2,#0XFF
   18 00000014 EA01 0402       AND              R4,R1,R2
   19 00000018 EA48 0804       ORR              R8,R4
   20 0000001C         
   21 0000001C         
   22 0000001C EA4F 2111       LSR              R1,#8
   23 00000020         
   24 00000020         
   25 00000020 2900            CMP              R1,#0
   26 00000022 D1F3            BNE              LOOP
   27 00000024 F8C9 8000       STR              R8,[R9]
   28 00000028         
   29 00000028         
   30 00000028         STOP
   31 00000028 E7FE            B                STOP
   32 0000002A 00 00 12345678 
                       NUM     DCD              0X12345678
   33 00000030 00000000 
              00000000         AREA             mydata,DATA,READWRITE
   34 00000000 00000000 
                       RESULT  DCD              0
   35 00000004                 END
Command Line: --debug --xref --cpu=Cortex-M3 --apcs=interwork --depend=.\conver
sion.d -o.\conversion.o -IC:\Keil\ARM\RV31\INC -IC:\Keil\ARM\CMSIS\Include -IC:
\Keil\ARM\Inc\NXP\LPC17xx --predefine="__EVAL SETA 1" --list=.\conversion.lst C
ONVERSION.S



ARM Macro Assembler    Page 1 Alphabetic symbol ordering
Relocatable symbols

RESET 00000000

Symbol: RESET
   Definitions
      At line 1 in file CONVERSION.S
   Uses
      None
Comment: RESET unused
__Vectors 00000000

Symbol: __Vectors
   Definitions
      At line 3 in file CONVERSION.S
   Uses
      At line 2 in file CONVERSION.S
Comment: __Vectors used once
2 symbols



ARM Macro Assembler    Page 1 Alphabetic symbol ordering
Relocatable symbols

LOOP 0000000C

Symbol: LOOP
   Definitions
      At line 15 in file CONVERSION.S
   Uses
      At line 26 in file CONVERSION.S
Comment: LOOP used once
NUM 0000002C

Symbol: NUM
   Definitions
      At line 32 in file CONVERSION.S
   Uses
      At line 11 in file CONVERSION.S
Comment: NUM used once
Reset_Handler 00000000

Symbol: Reset_Handler
   Definitions
      At line 10 in file CONVERSION.S
   Uses
      At line 5 in file CONVERSION.S
      At line 9 in file CONVERSION.S

STOP 00000028

Symbol: STOP
   Definitions
      At line 30 in file CONVERSION.S
   Uses
      At line 31 in file CONVERSION.S
Comment: STOP used once
mycode 00000000

Symbol: mycode
   Definitions
      At line 7 in file CONVERSION.S
   Uses
      None
Comment: mycode unused
5 symbols



ARM Macro Assembler    Page 1 Alphabetic symbol ordering
Relocatable symbols

RESULT 00000000

Symbol: RESULT
   Definitions
      At line 34 in file CONVERSION.S
   Uses
      At line 13 in file CONVERSION.S
Comment: RESULT used once
mydata 00000000

Symbol: mydata
   Definitions
      At line 33 in file CONVERSION.S
   Uses
      None
Comment: mydata unused
2 symbols
342 symbols in table
