


ARM Macro Assembler    Page 1 


    1 00000000                 AREA             RESET,DATA,READONLY
    2 00000000                 EXPORT           __Vectors
    3 00000000         __Vectors
    4 00000000 10001000        DCD              0X10001000
    5 00000004 00000000        DCD              Reset_Handler
    6 00000008                 ALIGN
    7 00000008                 AREA             mycode,CODE,READONLY
    8 00000000                 ENTRY
    9 00000000                 EXPORT           Reset_Handler
   10 00000000         Reset_Handler
   11 00000000 4807            LDR              R0,=NUM
   12 00000002 6801            LDR              R1,[R0]
   13 00000004 F04F 0201       MOV              R2,#1
   14 00000008 4B06            LDR              R3,=RESULT
   15 0000000A         LOOP
   16 0000000A FB02 F201       MUL              R2,R1
   17 0000000E F1A1 0101       SUB              R1,#1
   18 00000012 2900            CMP              R1,#0
   19 00000014 D1F9            BNE              LOOP
   20 00000016 601A            STR              R2,[R3]
   21 00000018         STOP
   22 00000018 E7FE            B                STOP
   23 0000001A 00 00 00000005 
                       NUM     DCD              0X5
   24 00000020 00000000 
              00000000         AREA             mydata,DATA,READWRITE
   25 00000000 00000000 
                       RESULT  DCD              0
   26 00000004                 END
Command Line: --debug --xref --cpu=Cortex-M3 --apcs=interwork --depend=.\factor
ial.d -o.\factorial.o -IC:\Keil\ARM\RV31\INC -IC:\Keil\ARM\CMSIS\Include -IC:\K
eil\ARM\Inc\NXP\LPC17xx --predefine="__EVAL SETA 1" --list=.\factorial.lst fact
orial.s



ARM Macro Assembler    Page 1 Alphabetic symbol ordering
Relocatable symbols

RESET 00000000

Symbol: RESET
   Definitions
      At line 1 in file factorial.s
   Uses
      None
Comment: RESET unused
__Vectors 00000000

Symbol: __Vectors
   Definitions
      At line 3 in file factorial.s
   Uses
      At line 2 in file factorial.s
Comment: __Vectors used once
2 symbols



ARM Macro Assembler    Page 1 Alphabetic symbol ordering
Relocatable symbols

LOOP 0000000A

Symbol: LOOP
   Definitions
      At line 15 in file factorial.s
   Uses
      At line 19 in file factorial.s
Comment: LOOP used once
NUM 0000001C

Symbol: NUM
   Definitions
      At line 23 in file factorial.s
   Uses
      At line 11 in file factorial.s
Comment: NUM used once
Reset_Handler 00000000

Symbol: Reset_Handler
   Definitions
      At line 10 in file factorial.s
   Uses
      At line 5 in file factorial.s
      At line 9 in file factorial.s

STOP 00000018

Symbol: STOP
   Definitions
      At line 21 in file factorial.s
   Uses
      At line 22 in file factorial.s
Comment: STOP used once
mycode 00000000

Symbol: mycode
   Definitions
      At line 7 in file factorial.s
   Uses
      None
Comment: mycode unused
5 symbols



ARM Macro Assembler    Page 1 Alphabetic symbol ordering
Relocatable symbols

RESULT 00000000

Symbol: RESULT
   Definitions
      At line 25 in file factorial.s
   Uses
      At line 14 in file factorial.s
Comment: RESULT used once
mydata 00000000

Symbol: mydata
   Definitions
      At line 24 in file factorial.s
   Uses
      None
Comment: mydata unused
2 symbols
342 symbols in table
