


ARM Macro Assembler    Page 1 


    1 00000000                 AREA             RESET,DATA,READONLY
    2 00000000                 EXPORT           __Vectors
    3 00000000         __Vectors
    4 00000000 10001000        DCD              0X10001000
    5 00000004 00000000        DCD              Reset_Handler
    6 00000008                 ALIGN
    7 00000008                 AREA             mycode,CODE,READONLY
    8 00000000                 ENTRY
    9 00000000                 EXPORT           Reset_Handler
   10 00000000         Reset_Handler
   11 00000000 4814            LDR              R0,=NUM1
   12 00000002 F8DF 9054       LDR              R9,=RESULT
   13 00000006 6801            LDR              R1,[R0]
   14 00000008 4A14            LDR              R2,=NUM2
   15 0000000A 6813            LDR              R3,[R2]
   16 0000000C FBA1 5603       UMULL            R5,R6,R1,R3
   17 00000010 E7FF            B                RE
   18 00000012 F04F 04FF 
                       RE      LDR              R4,=0XFF
   19 00000016 EA4F 2A0A       LSL              R10,#8
   20 0000001A EA06 0804       AND              R8,R6,R4
   21 0000001E EA4A 0A08       ORR              R10,R8
   22 00000022 EA4F 2616       LSR              R6,#8
   23 00000026 2E00            CMP              R6,#0
   24 00000028         
   25 00000028 D1F3            BNE              RE
   26 0000002A F849 AB01       STR              R10,[R9],#1
   27 0000002E         
   28 0000002E E7FF            B                REM
   29 00000030         REM
   30 00000030 EA4F 2B0B       LSL              R11,#8
   31 00000034 EA05 0804       AND              R8,R5,R4
   32 00000038 EA4B 0B08       ORR              R11,R8
   33 0000003C EA4F 2515       LSR              R5,#8
   34 00000040 2D00            CMP              R5,#0
   35 00000042 D1E6            BNE              RE
   36 00000044 F8C9 B000       STR              R11,[R9]
   37 00000048         
   38 00000048         
   39 00000048         STOP
   40 00000048 E7FE            B                STOP
   41 0000004A 00 00 00012345 
                       NUM1    DCD              0X12345
   42 00000050 00012345 
                       NUM2    DCD              0X12345
   43 00000054 00000000 
              00000000 
              00000000         AREA             mydata,DATA,READWRITE
   44 00000000 00000000 
                       RESULT  DCD              0
   45 00000004                 END
Command Line: --debug --xref --cpu=Cortex-M3 --apcs=interwork --depend=.\mul2-3
2bit.d -o.\mul2-32bit.o -IC:\Keil\ARM\RV31\INC -IC:\Keil\ARM\CMSIS\Include -IC:
\Keil\ARM\Inc\NXP\LPC17xx --predefine="__EVAL SETA 1" --list=.\mul2-32bit.lst m
ul2-32bit.s



ARM Macro Assembler    Page 1 Alphabetic symbol ordering
Relocatable symbols

RESET 00000000

Symbol: RESET
   Definitions
      At line 1 in file mul2-32bit.s
   Uses
      None
Comment: RESET unused
__Vectors 00000000

Symbol: __Vectors
   Definitions
      At line 3 in file mul2-32bit.s
   Uses
      At line 2 in file mul2-32bit.s
Comment: __Vectors used once
2 symbols



ARM Macro Assembler    Page 1 Alphabetic symbol ordering
Relocatable symbols

NUM1 0000004C

Symbol: NUM1
   Definitions
      At line 41 in file mul2-32bit.s
   Uses
      At line 11 in file mul2-32bit.s
Comment: NUM1 used once
NUM2 00000050

Symbol: NUM2
   Definitions
      At line 42 in file mul2-32bit.s
   Uses
      At line 14 in file mul2-32bit.s
Comment: NUM2 used once
RE 00000012

Symbol: RE
   Definitions
      At line 18 in file mul2-32bit.s
   Uses
      At line 17 in file mul2-32bit.s
      At line 25 in file mul2-32bit.s
      At line 35 in file mul2-32bit.s

REM 00000030

Symbol: REM
   Definitions
      At line 29 in file mul2-32bit.s
   Uses
      At line 28 in file mul2-32bit.s
Comment: REM used once
Reset_Handler 00000000

Symbol: Reset_Handler
   Definitions
      At line 10 in file mul2-32bit.s
   Uses
      At line 5 in file mul2-32bit.s
      At line 9 in file mul2-32bit.s

STOP 00000048

Symbol: STOP
   Definitions
      At line 39 in file mul2-32bit.s
   Uses
      At line 40 in file mul2-32bit.s
Comment: STOP used once
mycode 00000000

Symbol: mycode
   Definitions
      At line 7 in file mul2-32bit.s
   Uses
      None
Comment: mycode unused



ARM Macro Assembler    Page 2 Alphabetic symbol ordering
Relocatable symbols

7 symbols



ARM Macro Assembler    Page 1 Alphabetic symbol ordering
Relocatable symbols

RESULT 00000000

Symbol: RESULT
   Definitions
      At line 44 in file mul2-32bit.s
   Uses
      At line 12 in file mul2-32bit.s
Comment: RESULT used once
mydata 00000000

Symbol: mydata
   Definitions
      At line 43 in file mul2-32bit.s
   Uses
      None
Comment: mydata unused
2 symbols
344 symbols in table
