


ARM Macro Assembler    Page 1 


    1 00000000                 AREA             RESET,DATA,READONLY
    2 00000000                 EXPORT           __Vectors
    3 00000000         __Vectors
    4 00000000 10001000        DCD              0X10001000
    5 00000004 00000000        DCD              Reset_Handler
    6 00000008                 ALIGN
    7 00000008                 AREA             mycode,CODE,READONLY
    8 00000000                 ENTRY
    9 00000000                 EXPORT           Reset_Handler
   10 00000000         Reset_Handler
   11 00000000 480D            LDR              R0,=DST
   12 00000002 00000002 
                       OL      EQU              2
   13 00000002 F04F 0101       MOV              R1,#1
   14 00000006 F04F 0209       MOV              R2,#9
   15 0000000A 6001    UP      STR              R1,[R0]
   16 0000000C F100 0004       ADD              R0,#4
   17 00000010 F101 0102       ADD              R1,#2
   18 00000014 3A01            SUBS             R2,#1
   19 00000016 D1F8            BNE              UP
   20 00000018 F1A1 0104       SUB              R1,#(OL-1)*4
   21 0000001C F04F 0209       MOV              R2,#9
   22 00000020 F04F 0301       MOV              R3,#1
   23 00000024 600A    UP1     STR              R2,[R1]
   24 00000026 F101 0104       ADD              R1,#4
   25 0000002A F103 0302       ADD              R3,#2
   26 0000002E 3A01            SUBS             R2,#1
   27 00000030 D1F8            BNE              UP1
   28 00000032         STOP
   29 00000032 E7FE            B                STOP
   30 00000034 00000000 
                       SRC     DCD              0
   31 00000038 00000000        AREA             mydata,DATA,READWRITE
   32 00000000 00000000 
                       DST     DCD              0
   33 00000004                 END
Command Line: --debug --xref --cpu=Cortex-M3 --apcs=interwork --depend=.\overla
p.d -o.\overlap.o -IC:\Keil\ARM\RV31\INC -IC:\Keil\ARM\CMSIS\Include -IC:\Keil\
ARM\Inc\NXP\LPC17xx --predefine="__EVAL SETA 1" --list=.\overlap.lst overlap.s



ARM Macro Assembler    Page 1 Alphabetic symbol ordering
Relocatable symbols

RESET 00000000

Symbol: RESET
   Definitions
      At line 1 in file overlap.s
   Uses
      None
Comment: RESET unused
__Vectors 00000000

Symbol: __Vectors
   Definitions
      At line 3 in file overlap.s
   Uses
      At line 2 in file overlap.s
Comment: __Vectors used once
2 symbols



ARM Macro Assembler    Page 1 Alphabetic symbol ordering
Relocatable symbols

Reset_Handler 00000000

Symbol: Reset_Handler
   Definitions
      At line 10 in file overlap.s
   Uses
      At line 5 in file overlap.s
      At line 9 in file overlap.s

SRC 00000034

Symbol: SRC
   Definitions
      At line 30 in file overlap.s
   Uses
      None
Comment: SRC unused
STOP 00000032

Symbol: STOP
   Definitions
      At line 28 in file overlap.s
   Uses
      At line 29 in file overlap.s
Comment: STOP used once
UP 0000000A

Symbol: UP
   Definitions
      At line 15 in file overlap.s
   Uses
      At line 19 in file overlap.s
Comment: UP used once
UP1 00000024

Symbol: UP1
   Definitions
      At line 23 in file overlap.s
   Uses
      At line 27 in file overlap.s
Comment: UP1 used once
mycode 00000000

Symbol: mycode
   Definitions
      At line 7 in file overlap.s
   Uses
      None
Comment: mycode unused
6 symbols



ARM Macro Assembler    Page 1 Alphabetic symbol ordering
Relocatable symbols

DST 00000000

Symbol: DST
   Definitions
      At line 32 in file overlap.s
   Uses
      At line 11 in file overlap.s
Comment: DST used once
mydata 00000000

Symbol: mydata
   Definitions
      At line 31 in file overlap.s
   Uses
      None
Comment: mydata unused
2 symbols



ARM Macro Assembler    Page 1 Alphabetic symbol ordering
Absolute symbols

OL 00000002

Symbol: OL
   Definitions
      At line 12 in file overlap.s
   Uses
      At line 20 in file overlap.s
Comment: OL used once
1 symbol
344 symbols in table
