


ARM Macro Assembler    Page 1 


    1 00000000                 AREA             RESET,DATA,READONLY
    2 00000000                 EXPORT           __Vectors
    3 00000000         __Vectors
    4 00000000 10001000        DCD              0X10001000
    5 00000004 00000000        DCD              Reset_Handler
    6 00000008                 ALIGN
    7 00000008                 AREA             mycode,CODE,READONLY
    8 00000000                 ENTRY
    9 00000000                 EXPORT           Reset_Handler
   10 00000000         Reset_Handler
   11 00000000 4811            LDR              R0,=NUM1
   12 00000002 4C12            LDR              R4,=NUM2
   13 00000004 4F12            LDR              R7,=RESULT
   14 00000006 6801            LDR              R1,[R0]
   15 00000008 6802            LDR              R2,[R0]
   16 0000000A F04F 08AA       MOV              R8,#0XAA
   17 0000000E F04F 09FF       MOV              R9,#0XFF
   18 00000012 F04F 0600       MOV              R6,#0
   19 00000016 F04F 0A0A       MOV              R10,#10
   20 0000001A         LOOP
   21 0000001A F001 030F       AND              R3,R1,#0X0000000F
   22 0000001E 441E            ADD              R6,R3
   23 00000020 EA4F 1111       LSR              R1,#4
   24 00000024 2900            CMP              R1,#0
   25 00000026 D003            BEQ              ST
   26 00000028         
   27 00000028 EA4F 1606       LSL              R6,#4
   28 0000002C         
   29 0000002C         
   30 0000002C D1F5            BNE              LOOP
   31 0000002E         
   32 0000002E         
   33 0000002E         HERE
   34 0000002E E7FE            B                HERE
   35 00000030         
   36 00000030         ST
   37 00000030 42B2            CMP              R2,R6
   38 00000032 D102            BNE              EN
   39 00000034 F8C7 8000       STR              R8,[R7]
   40 00000038         
   41 00000038 E7FE    HER     B                HER
   42 0000003A         
   43 0000003A F8C7 9000 
                       EN      STR              R9,[R7]
   44 0000003E         
   45 0000003E         STOP
   46 0000003E E7FE            B                STOP
   47 00000040 00001212 
                       NUM1    DCD              0X1212
   48 00000044         
   49 00000044 00000000 
                       NUM2    DCD              0
   50 00000048 00000000 
              00000000 
              00000000         AREA             mydata,DATA,READWRITE
   51 00000000 00000000 
                       RESULT  DCD              0
   52 00000004                 END
Command Line: --debug --xref --cpu=Cortex-M3 --apcs=interwork --depend=.\palind



ARM Macro Assembler    Page 2 


rome.d -o.\palindrome.o -IC:\Keil\ARM\RV31\INC -IC:\Keil\ARM\CMSIS\Include -IC:
\Keil\ARM\Inc\NXP\LPC17xx --predefine="__EVAL SETA 1" --list=.\palindrome.lst p
alindrome.s



ARM Macro Assembler    Page 1 Alphabetic symbol ordering
Relocatable symbols

RESET 00000000

Symbol: RESET
   Definitions
      At line 1 in file palindrome.s
   Uses
      None
Comment: RESET unused
__Vectors 00000000

Symbol: __Vectors
   Definitions
      At line 3 in file palindrome.s
   Uses
      At line 2 in file palindrome.s
Comment: __Vectors used once
2 symbols



ARM Macro Assembler    Page 1 Alphabetic symbol ordering
Relocatable symbols

EN 0000003A

Symbol: EN
   Definitions
      At line 43 in file palindrome.s
   Uses
      At line 38 in file palindrome.s
Comment: EN used once
HER 00000038

Symbol: HER
   Definitions
      At line 41 in file palindrome.s
   Uses
      At line 41 in file palindrome.s
Comment: HER used once
HERE 0000002E

Symbol: HERE
   Definitions
      At line 33 in file palindrome.s
   Uses
      At line 34 in file palindrome.s
Comment: HERE used once
LOOP 0000001A

Symbol: LOOP
   Definitions
      At line 20 in file palindrome.s
   Uses
      At line 30 in file palindrome.s
Comment: LOOP used once
NUM1 00000040

Symbol: NUM1
   Definitions
      At line 47 in file palindrome.s
   Uses
      At line 11 in file palindrome.s
Comment: NUM1 used once
NUM2 00000044

Symbol: NUM2
   Definitions
      At line 49 in file palindrome.s
   Uses
      At line 12 in file palindrome.s
Comment: NUM2 used once
Reset_Handler 00000000

Symbol: Reset_Handler
   Definitions
      At line 10 in file palindrome.s
   Uses
      At line 5 in file palindrome.s
      At line 9 in file palindrome.s

ST 00000030




ARM Macro Assembler    Page 2 Alphabetic symbol ordering
Relocatable symbols

Symbol: ST
   Definitions
      At line 36 in file palindrome.s
   Uses
      At line 25 in file palindrome.s
Comment: ST used once
STOP 0000003E

Symbol: STOP
   Definitions
      At line 45 in file palindrome.s
   Uses
      At line 46 in file palindrome.s
Comment: STOP used once
mycode 00000000

Symbol: mycode
   Definitions
      At line 7 in file palindrome.s
   Uses
      None
Comment: mycode unused
10 symbols



ARM Macro Assembler    Page 1 Alphabetic symbol ordering
Relocatable symbols

RESULT 00000000

Symbol: RESULT
   Definitions
      At line 51 in file palindrome.s
   Uses
      At line 13 in file palindrome.s
Comment: RESULT used once
mydata 00000000

Symbol: mydata
   Definitions
      At line 50 in file palindrome.s
   Uses
      None
Comment: mydata unused
2 symbols
347 symbols in table
