


ARM Macro Assembler    Page 1 


    1 00000000                 AREA             RESET,DATA,READONLY
    2 00000000                 EXPORT           __Vectors
    3 00000000         __Vectors
    4 00000000 10001000        DCD              0X10001000
    5 00000004 00000000        DCD              Reset_Handler
    6 00000008                 ALIGN            1
    7 00000008                 AREA             mycode,CODE,READONLY
    8 00000000                 ENTRY
    9 00000000                 EXPORT           Reset_Handler
   10 00000000         Reset_Handler
   11 00000000 480E            LDR              R0,=SRC
   12 00000002 490F            LDR              R1,=DES
   13 00000004 F04F 0210       MOV              R2,#16
   14 00000008 F04F 0305       MOV              R3,#5
   15 0000000C         LOOP
   16 0000000C EB00 0802       ADD              R8,R0,R2
   17 00000010 F8D8 4000       LDR              R4,[R8]
   18 00000014 F841 4B04       STR              R4,[R1],#4
   19 00000018 F1A2 0204       SUB              R2,#4
   20 0000001C F1A3 0301       SUB              R3,#1
   21 00000020 2B00            CMP              R3,#0
   22 00000022 D1F3            BNE              LOOP
   23 00000024         STOP
   24 00000024 E7FE            B                STOP
   25 00000026 00 00 00000003 
              00000006 
              00000005 
              00000007 
              00000001 SRC     DCD              3,6,5,7,1
   26 0000003C 00000000 
              00000000         AREA             mydata,DATA,READWRITE
   27 00000000 00000000 
                       DES     DCD              0
   28 00000004                 END
Command Line: --debug --xref --cpu=Cortex-M3 --apcs=interwork --depend=.\revers
e.d -o.\reverse.o -IC:\Keil\ARM\RV31\INC -IC:\Keil\ARM\CMSIS\Include -IC:\Keil\
ARM\Inc\NXP\LPC17xx --predefine="__EVAL SETA 1" --list=.\reverse.lst reverse.s



ARM Macro Assembler    Page 1 Alphabetic symbol ordering
Relocatable symbols

RESET 00000000

Symbol: RESET
   Definitions
      At line 1 in file reverse.s
   Uses
      None
Comment: RESET unused
__Vectors 00000000

Symbol: __Vectors
   Definitions
      At line 3 in file reverse.s
   Uses
      At line 2 in file reverse.s
Comment: __Vectors used once
2 symbols



ARM Macro Assembler    Page 1 Alphabetic symbol ordering
Relocatable symbols

LOOP 0000000C

Symbol: LOOP
   Definitions
      At line 15 in file reverse.s
   Uses
      At line 22 in file reverse.s
Comment: LOOP used once
Reset_Handler 00000000

Symbol: Reset_Handler
   Definitions
      At line 10 in file reverse.s
   Uses
      At line 5 in file reverse.s
      At line 9 in file reverse.s

SRC 00000028

Symbol: SRC
   Definitions
      At line 25 in file reverse.s
   Uses
      At line 11 in file reverse.s
Comment: SRC used once
STOP 00000024

Symbol: STOP
   Definitions
      At line 23 in file reverse.s
   Uses
      At line 24 in file reverse.s
Comment: STOP used once
mycode 00000000

Symbol: mycode
   Definitions
      At line 7 in file reverse.s
   Uses
      None
Comment: mycode unused
5 symbols



ARM Macro Assembler    Page 1 Alphabetic symbol ordering
Relocatable symbols

DES 00000000

Symbol: DES
   Definitions
      At line 27 in file reverse.s
   Uses
      At line 12 in file reverse.s
Comment: DES used once
mydata 00000000

Symbol: mydata
   Definitions
      At line 26 in file reverse.s
   Uses
      None
Comment: mydata unused
2 symbols
342 symbols in table
