


ARM Macro Assembler    Page 1 


    1 00000000                 AREA             RESET,DATA,READONLY
    2 00000000                 EXPORT           __Vectors
    3 00000000         __Vectors
    4 00000000 10001000        DCD              0X10001000
    5 00000004 00000000        DCD              Reset_Handler
    6 00000008                 ALIGN
    7 00000008                 AREA             mycode,CODE,READONLY
    8 00000000                 ENTRY
    9 00000000                 EXPORT           Reset_Handler
   10 00000000         Reset_Handler
   11 00000000 480E            LDR              R0,=NUM
   12 00000002 F850 1B04       LDR              R1,[R0],#4
   13 00000006 4A0E            LDR              R2,=RESULT
   14 00000008 F04F 0905       MOV              R9,#5
   15 0000000C         LOOP
   16 0000000C 6803            LDR              R3,[R0]
   17 0000000E 4299            CMP              R1,R3
   18 00000010 DB00            BLT              LESS
   19 00000012 4619            MOV              R1,R3
   20 00000014         
   21 00000014         LESS
   22 00000014 F100 0004       ADD              R0,#4
   23 00000018 F1A9 0901       SUB              R9,#1
   24 0000001C F1B9 0F00       CMP              R9,#0
   25 00000020 D1F4            BNE              LOOP
   26 00000022 6011            STR              R1,[R2]
   27 00000024         STOP
   28 00000024 E7FE            B                STOP
   29 00000026 00 00 00000012 
              00000003 
              00000005 
              00000010 
              00000009 NUM     DCD              0X12,0x3,0x5,0x10,0x9
   30 0000003C 00000000 
              00000000         AREA             mydata,DATA,READWRITE
   31 00000000 00000000 
                       RESULT  DCD              0
   32 00000004                 END
Command Line: --debug --xref --cpu=Cortex-M3 --apcs=interwork --depend=.\smalle
st.d -o.\smallest.o -IC:\Keil\ARM\RV31\INC -IC:\Keil\ARM\CMSIS\Include -IC:\Kei
l\ARM\Inc\NXP\LPC17xx --predefine="__EVAL SETA 1" --list=.\smallest.lst smalles
t.s



ARM Macro Assembler    Page 1 Alphabetic symbol ordering
Relocatable symbols

RESET 00000000

Symbol: RESET
   Definitions
      At line 1 in file smallest.s
   Uses
      None
Comment: RESET unused
__Vectors 00000000

Symbol: __Vectors
   Definitions
      At line 3 in file smallest.s
   Uses
      At line 2 in file smallest.s
Comment: __Vectors used once
2 symbols



ARM Macro Assembler    Page 1 Alphabetic symbol ordering
Relocatable symbols

LESS 00000014

Symbol: LESS
   Definitions
      At line 21 in file smallest.s
   Uses
      At line 18 in file smallest.s
Comment: LESS used once
LOOP 0000000C

Symbol: LOOP
   Definitions
      At line 15 in file smallest.s
   Uses
      At line 25 in file smallest.s
Comment: LOOP used once
NUM 00000028

Symbol: NUM
   Definitions
      At line 29 in file smallest.s
   Uses
      At line 11 in file smallest.s
Comment: NUM used once
Reset_Handler 00000000

Symbol: Reset_Handler
   Definitions
      At line 10 in file smallest.s
   Uses
      At line 5 in file smallest.s
      At line 9 in file smallest.s

STOP 00000024

Symbol: STOP
   Definitions
      At line 27 in file smallest.s
   Uses
      At line 28 in file smallest.s
Comment: STOP used once
mycode 00000000

Symbol: mycode
   Definitions
      At line 7 in file smallest.s
   Uses
      None
Comment: mycode unused
6 symbols



ARM Macro Assembler    Page 1 Alphabetic symbol ordering
Relocatable symbols

RESULT 00000000

Symbol: RESULT
   Definitions
      At line 31 in file smallest.s
   Uses
      At line 13 in file smallest.s
Comment: RESULT used once
mydata 00000000

Symbol: mydata
   Definitions
      At line 30 in file smallest.s
   Uses
      None
Comment: mydata unused
2 symbols
343 symbols in table
